<?xml version="1.0" encoding="UTF-8"?>
<!-- Generated by org.testng.reporters.JUnitXMLReporter -->
<testsuite hostname="Nirmal-Laptop" ignored="0" name="Home Page Test" tests="2" failures="0" timestamp="2021-05-02T22:23:14 IST" time="22.143" errors="0">
  <testcase name="invokeHomePageTest" time="12.511" classname="Automation.Framework.InvokeHomePageTest"/>
  <testcase name="invokeHomePageTest" time="9.591" classname="Automation.Framework.InvokeHomePageTest"/>
</testsuite> <!-- Home Page Test -->
