<?xml version="1.0" encoding="UTF-8"?>
<!-- Generated by org.testng.reporters.JUnitXMLReporter -->
<testsuite hostname="Nirmal-Laptop" ignored="0" name="Test" tests="2" failures="2" timestamp="2021-05-08T11:47:11 IST" time="11.056" errors="0">
  <testcase name="invokeHomePageTest" time="5.075" classname="testAutomation.InvokeHomePageTest">
    <failure type="java.lang.NoClassDefFoundError" message="pageObjectRepository/RepositoryHome">
      <![CDATA[java.lang.NoClassDefFoundError: pageObjectRepository/RepositoryHome
at testAutomation.InvokeHomePageTest.invokeHomePageTest(InvokeHomePageTest.java:28)
at java.util.ArrayList.forEach(Unknown Source)
Caused by: java.lang.ClassNotFoundException: pageObjectRepository.RepositoryHome
at java.net.URLClassLoader.findClass(Unknown Source)
at java.lang.ClassLoader.loadClass(Unknown Source)
at sun.misc.Launcher$AppClassLoader.loadClass(Unknown Source)
at java.lang.ClassLoader.loadClass(Unknown Source)
... 29 more
... Removed 27 stack frames]]>
    </failure>
  </testcase> <!-- invokeHomePageTest -->
  <testcase name="invokeHomePageTest" time="5.703" classname="testAutomation.InvokeHomePageTest">
    <failure type="java.lang.NoClassDefFoundError" message="pageObjectRepository/RepositoryHome">
      <![CDATA[java.lang.NoClassDefFoundError: pageObjectRepository/RepositoryHome
at testAutomation.InvokeHomePageTest.invokeHomePageTest(InvokeHomePageTest.java:28)
at java.util.ArrayList.forEach(Unknown Source)
... Removed 27 stack frames]]>
    </failure>
  </testcase> <!-- invokeHomePageTest -->
</testsuite> <!-- Test -->
