<?xml version="1.0" encoding="UTF-8"?>
<!-- Generated by org.testng.reporters.JUnitXMLReporter -->
<testsuite hostname="Nirmal-Laptop" ignored="0" name="Test2" tests="1" failures="1" timestamp="2021-05-08T11:47:26 IST" time="14.077" errors="0">
  <testcase name="invokeHomePageTest" time="0.002" classname="testAutomation.NavigationBarTest">
    <failure type="java.lang.NoClassDefFoundError" message="pageObjectRepository/RepositoryLandingPage">
      <![CDATA[java.lang.NoClassDefFoundError: pageObjectRepository/RepositoryLandingPage
at testAutomation.NavigationBarTest.invokeHomePageTest(NavigationBarTest.java:39)
at java.util.ArrayList.forEach(Unknown Source)
Caused by: java.lang.ClassNotFoundException: pageObjectRepository.RepositoryLandingPage
at java.net.URLClassLoader.findClass(Unknown Source)
at java.lang.ClassLoader.loadClass(Unknown Source)
at sun.misc.Launcher$AppClassLoader.loadClass(Unknown Source)
at java.lang.ClassLoader.loadClass(Unknown Source)
... 29 more
... Removed 27 stack frames]]>
    </failure>
  </testcase> <!-- invokeHomePageTest -->
</testsuite> <!-- Test2 -->
